
> language-learning-platform@0.1.0 prebuild
> npm run validate:json && npm run copy:activities


> language-learning-platform@0.1.0 validate:json
> node scripts/validate-activity-json.js

[36m 
=== Activity JSON ê²€ì¦ ì‹œìž‘ ===
 [0m
[36m 
[grammar] ê²€ì¦ ì¤‘... [0m
[36m 
[listening] ê²€ì¦ ì¤‘... [0m
[36m 
[reading] ê²€ì¦ ì¤‘... [0m
[36m 
[speaking] ê²€ì¦ ì¤‘... [0m
[33m 
[uploaded] ê²€ì¦ ìŠ¤í‚µ (ë‹¤ë¥¸ ìŠ¤í‚¤ë§ˆ) [0m
[36m 
[vocabulary] ê²€ì¦ ì¤‘... [0m
[33m 
[week-1] ê²€ì¦ ìŠ¤í‚µ (ë‹¤ë¥¸ ìŠ¤í‚¤ë§ˆ) [0m
[33m 
[week-2] ê²€ì¦ ìŠ¤í‚µ (ë‹¤ë¥¸ ìŠ¤í‚¤ë§ˆ) [0m
[36m 
[writing] ê²€ì¦ ì¤‘... [0m
[32m âœ… week-1-grammar.json: ê²€ì¦ í†µê³¼ [0m
[32m âœ… week-2-grammar.json: ê²€ì¦ í†µê³¼ [0m
[32m âœ… week-3-grammar.json: ê²€ì¦ í†µê³¼ [0m
[32m âœ… week-4-grammar.json: ê²€ì¦ í†µê³¼ [0m
[32m âœ… week-5-grammar.json: ê²€ì¦ í†µê³¼ [0m
[32m âœ… week-6-grammar.json: ê²€ì¦ í†µê³¼ [0m
[32m âœ… week-7-grammar.json: ê²€ì¦ í†µê³¼ [0m
[32m âœ… week-8-grammar.json: ê²€ì¦ í†µê³¼ [0m
[32m âœ… week-1-listening.json: ê²€ì¦ í†µê³¼ [0m
[32m âœ… week-2-listening.json: ê²€ì¦ í†µê³¼ [0m
[32m âœ… week-3-listening.json: ê²€ì¦ í†µê³¼ [0m
[32m âœ… week-4-listening.json: ê²€ì¦ í†µê³¼ [0m
[32m âœ… week-5-listening.json: ê²€ì¦ í†µê³¼ [0m
[32m âœ… week-6-listening.json: ê²€ì¦ í†µê³¼ [0m
[32m âœ… week-7-listening.json: ê²€ì¦ í†µê³¼ [0m
[32m âœ… week-8-listening.json: ê²€ì¦ í†µê³¼ [0m
[32m âœ… week-1-reading.json: ê²€ì¦ í†µê³¼ [0m
[32m âœ… week-2-reading.json: ê²€ì¦ í†µê³¼ [0m
[32m âœ… week-3-reading.json: ê²€ì¦ í†µê³¼ [0m
[32m âœ… week-4-reading.json: ê²€ì¦ í†µê³¼ [0m
[32m âœ… week-5-reading.json: ê²€ì¦ í†µê³¼ [0m
[32m âœ… week-6-reading.json: ê²€ì¦ í†µê³¼ [0m
[32m âœ… week-7-reading.json: ê²€ì¦ í†µê³¼ [0m
[32m âœ… week-8-reading.json: ê²€ì¦ í†µê³¼ [0m
[32m âœ… week-1-speaking.json: ê²€ì¦ í†µê³¼ [0m
[32m âœ… week-2-speaking.json: ê²€ì¦ í†µê³¼ [0m
[32m âœ… week-3-speaking.json: ê²€ì¦ í†µê³¼ [0m
[32m âœ… week-4-speaking.json: ê²€ì¦ í†µê³¼ [0m
[32m âœ… week-5-speaking.json: ê²€ì¦ í†µê³¼ [0m
[32m âœ… week-6-speaking.json: ê²€ì¦ í†µê³¼ [0m
[32m âœ… week-7-speaking.json: ê²€ì¦ í†µê³¼ [0m
[32m âœ… week-8-speaking.json: ê²€ì¦ í†µê³¼ [0m
[32m âœ… week-1-vocab.json: ê²€ì¦ í†µê³¼ [0m
[32m âœ… week-2-vocab.json: ê²€ì¦ í†µê³¼ [0m
[32m âœ… week-3-vocab.json: ê²€ì¦ í†µê³¼ [0m
[32m âœ… week-4-vocab.json: ê²€ì¦ í†µê³¼ [0m
[32m âœ… week-5-vocab.json: ê²€ì¦ í†µê³¼ [0m
[32m âœ… week-6-vocab.json: ê²€ì¦ í†µê³¼ [0m
[32m âœ… week-7-vocab.json: ê²€ì¦ í†µê³¼ [0m
[32m âœ… week-8-vocab.json: ê²€ì¦ í†µê³¼ [0m
[32m âœ… week-1-writing.json: ê²€ì¦ í†µê³¼ [0m
[32m âœ… week-2-writing.json: ê²€ì¦ í†µê³¼ [0m
[32m âœ… week-3-writing.json: ê²€ì¦ í†µê³¼ [0m
[32m âœ… week-4-writing.json: ê²€ì¦ í†µê³¼ [0m
[32m âœ… week-5-writing.json: ê²€ì¦ í†µê³¼ [0m
[32m âœ… week-6-writing.json: ê²€ì¦ í†µê³¼ [0m
[32m âœ… week-7-writing.json: ê²€ì¦ í†µê³¼ [0m
[32m âœ… week-8-writing.json: ê²€ì¦ í†µê³¼ [0m
[36m 
=== ê²€ì¦ ì™„ë£Œ === [0m
[36m íŒŒì¼ ìˆ˜: 48 [0m
[32m ì—ëŸ¬: 0 [0m
[32m ê²½ê³ : 0 [0m

> language-learning-platform@0.1.0 copy:activities
> node scripts/copy-activities.js


=== Activity íŒŒì¼ ë³µì‚¬ ì‹œìž‘ ===

âœ… Copied: vocabulary/week-1-vocab.json
âœ… Copied: vocabulary/week-2-vocab.json
âœ… Copied: vocabulary/week-3-vocab.json
âœ… Copied: vocabulary/week-4-vocab.json
âœ… Copied: vocabulary/week-5-vocab.json
âœ… Copied: vocabulary/week-6-vocab.json
âœ… Copied: vocabulary/week-7-vocab.json
âœ… Copied: vocabulary/week-8-vocab.json
âœ… Copied: grammar/week-1-grammar.json
âœ… Copied: grammar/week-2-grammar.json
âœ… Copied: grammar/week-3-grammar.json
âœ… Copied: grammar/week-4-grammar.json
âœ… Copied: grammar/week-5-grammar.json
âœ… Copied: grammar/week-6-grammar.json
âœ… Copied: grammar/week-7-grammar.json
âœ… Copied: grammar/week-8-grammar.json
âœ… Copied: listening/week-1-listening.json
âœ… Copied: listening/week-2-listening.json
âœ… Copied: listening/week-3-listening.json
âœ… Copied: listening/week-4-listening.json
âœ… Copied: listening/week-5-listening.json
âœ… Copied: listening/week-6-listening.json
âœ… Copied: listening/week-7-listening.json
âœ… Copied: listening/week-8-listening.json
âœ… Copied: speaking/week-1-speaking.json
âœ… Copied: speaking/week-2-speaking.json
âœ… Copied: speaking/week-3-speaking.json
âœ… Copied: speaking/week-4-speaking.json
âœ… Copied: speaking/week-5-speaking.json
âœ… Copied: speaking/week-6-speaking.json
âœ… Copied: speaking/week-7-speaking.json
âœ… Copied: speaking/week-8-speaking.json
âœ… Copied: reading/week-1-reading.json
âœ… Copied: reading/week-2-reading.json
âœ… Copied: reading/week-3-reading.json
âœ… Copied: reading/week-4-reading.json
âœ… Copied: reading/week-5-reading.json
âœ… Copied: reading/week-6-reading.json
âœ… Copied: reading/week-7-reading.json
âœ… Copied: reading/week-8-reading.json
âœ… Copied: writing/week-1-writing.json
âœ… Copied: writing/week-2-writing.json
âœ… Copied: writing/week-3-writing.json
âœ… Copied: writing/week-4-writing.json
âœ… Copied: writing/week-5-writing.json
âœ… Copied: writing/week-6-writing.json
âœ… Copied: writing/week-7-writing.json
âœ… Copied: writing/week-8-writing.json

=== Activity íŒŒì¼ ë³µì‚¬ ì™„ë£Œ ===
ì´ ë³µì‚¬: 48ê°œ
ì—ëŸ¬: 0ê°œ


=== Activity ë©”íƒ€ë°ì´í„° ìƒì„± ì‹œìž‘ ===

âœ… ë©”íƒ€ë°ì´í„° ìƒì„± ì™„ë£Œ: 48ê°œ Activity
   íŒŒì¼ ìœ„ì¹˜: C:\Users\hynoo\OneDrive\ë°”íƒ• í™”ë©´\ê³µë¶€í•˜ê¸°\language-learning-platform\public\activities-metadata.json

ðŸŽ‰ ëª¨ë“  ìž‘ì—… ì™„ë£Œ!


> language-learning-platform@0.1.0 build
> next build

   â–² Next.js 15.5.4
   - Environments: .env.local
   - Experiments (use with caution):
     Â· optimizePackageImports

   Creating an optimized production build ...
 âœ“ (pwa) Compiling for server...
 âœ“ (pwa) Compiling for server...
 âœ“ (pwa) Compiling for client (static)...
 â—‹ (pwa) Service worker: C:\Users\hynoo\OneDrive\ë°”íƒ• í™”ë©´\ê³µë¶€í•˜ê¸°\language-learning-platform\public\sw.js
 â—‹ (pwa)   URL: /sw.js
 â—‹ (pwa)   Scope: /
 â—‹ (pwa) Custom runtimeCaching array found, using it instead of the default one.
Failed to compile.

./app/dashboard/placement-test/page.tsx
Module not found: Can't resolve '@/contexts/AuthContext'

https://nextjs.org/docs/messages/module-not-found


> Build failed because of webpack errors
